<?xml version="1.0" encoding="UTF-8"?>
<!-- Generated by org.testng.reporters.JUnitReportReporter -->
<testsuite hostname="DESKTOP-PCV342P" failures="0" tests="1" name="qaclickacademy.mavenrp.AppTest" time="0.016" errors="0" timestamp="2020-12-22T13:22:23 IST" skipped="0">
  <testcase classname="qaclickacademy.mavenrp.AppTest" name="shouldAnswerWithTrue" time="0.016"/>
  <system-out/>
</testsuite> <!-- qaclickacademy.mavenrp.AppTest -->
