<?xml version="1.0" encoding="UTF-8"?>
<!-- Generated by org.testng.reporters.JUnitReportReporter -->
<testsuite hostname="DESKTOP-PCV342P" failures="0" tests="2" name="qaclickacademy.mavenrp.SeleniumTest" time="0.000" errors="0" timestamp="2020-12-22T14:29:30 IST" skipped="0">
  <testcase classname="qaclickacademy.mavenrp.SeleniumTest" name="Sellogout" time="0.000"/>
  <system-out/>
  <testcase classname="qaclickacademy.mavenrp.SeleniumTest" name="Sellogin" time="0.000"/>
  <system-out/>
</testsuite> <!-- qaclickacademy.mavenrp.SeleniumTest -->
