<?xml version="1.0" encoding="UTF-8"?>
<!-- Generated by org.testng.reporters.JUnitReportReporter -->
<testsuite hostname="DESKTOP-PCV342P" failures="0" tests="1" name="qaclickacademy.mavenrp.Appium" time="0.007" errors="0" timestamp="2020-12-22T14:29:30 IST" skipped="0">
  <testcase classname="qaclickacademy.mavenrp.Appium" name="Appiumlogout" time="0.007"/>
  <system-out/>
</testsuite> <!-- qaclickacademy.mavenrp.Appium -->
